[2020-02-01 13:25:14,456] INFO Registered kafka:type=kafka.Log4jController MBean (kafka.utils.Log4jControllerRegistration$)
[2020-02-01 13:25:14,892] INFO Registered signal handlers for TERM, INT, HUP (org.apache.kafka.common.utils.LoggingSignalHandler)
[2020-02-01 13:25:14,893] INFO starting (kafka.server.KafkaServer)
[2020-02-01 13:25:14,893] INFO Connecting to zookeeper on localhost:2181 (kafka.server.KafkaServer)
[2020-02-01 13:25:14,907] INFO [ZooKeeperClient Kafka server] Initializing a new session to localhost:2181. (kafka.zookeeper.ZooKeeperClient)
[2020-02-01 13:25:19,917] INFO Client environment:zookeeper.version=3.5.6-c11b7e26bc554b8523dc929761dd28808913f091, built on 10/08/2019 20:18 GMT (org.apache.zookeeper.ZooKeeper)
[2020-02-01 13:25:19,918] INFO Client environment:host.name=192.168.0.8 (org.apache.zookeeper.ZooKeeper)
[2020-02-01 13:25:19,918] INFO Client environment:java.version=1.8.0_222 (org.apache.zookeeper.ZooKeeper)
[2020-02-01 13:25:19,918] INFO Client environment:java.vendor=AdoptOpenJDK (org.apache.zookeeper.ZooKeeper)
[2020-02-01 13:25:19,918] INFO Client environment:java.home=/Library/Java/JavaVirtualMachines/adoptopenjdk-8.jdk/Contents/Home/jre (org.apache.zookeeper.ZooKeeper)
[2020-02-01 13:25:19,919] INFO Client environment:java.class.path=/Users/grant/Repos/dexkafka/bin/../libs/activation-1.1.1.jar:/Users/grant/Repos/dexkafka/bin/../libs/aopalliance-repackaged-2.5.0.jar:/Users/grant/Repos/dexkafka/bin/../libs/argparse4j-0.7.0.jar:/Users/grant/Repos/dexkafka/bin/../libs/audience-annotations-0.5.0.jar:/Users/grant/Repos/dexkafka/bin/../libs/commons-cli-1.4.jar:/Users/grant/Repos/dexkafka/bin/../libs/commons-lang3-3.8.1.jar:/Users/grant/Repos/dexkafka/bin/../libs/connect-api-2.4.0.jar:/Users/grant/Repos/dexkafka/bin/../libs/connect-basic-auth-extension-2.4.0.jar:/Users/grant/Repos/dexkafka/bin/../libs/connect-file-2.4.0.jar:/Users/grant/Repos/dexkafka/bin/../libs/connect-json-2.4.0.jar:/Users/grant/Repos/dexkafka/bin/../libs/connect-mirror-2.4.0.jar:/Users/grant/Repos/dexkafka/bin/../libs/connect-mirror-client-2.4.0.jar:/Users/grant/Repos/dexkafka/bin/../libs/connect-runtime-2.4.0.jar:/Users/grant/Repos/dexkafka/bin/../libs/connect-transforms-2.4.0.jar:/Users/grant/Repos/dexkafka/bin/../libs/guava-20.0.jar:/Users/grant/Repos/dexkafka/bin/../libs/hk2-api-2.5.0.jar:/Users/grant/Repos/dexkafka/bin/../libs/hk2-locator-2.5.0.jar:/Users/grant/Repos/dexkafka/bin/../libs/hk2-utils-2.5.0.jar:/Users/grant/Repos/dexkafka/bin/../libs/jackson-annotations-2.10.0.jar:/Users/grant/Repos/dexkafka/bin/../libs/jackson-core-2.10.0.jar:/Users/grant/Repos/dexkafka/bin/../libs/jackson-databind-2.10.0.jar:/Users/grant/Repos/dexkafka/bin/../libs/jackson-dataformat-csv-2.10.0.jar:/Users/grant/Repos/dexkafka/bin/../libs/jackson-datatype-jdk8-2.10.0.jar:/Users/grant/Repos/dexkafka/bin/../libs/jackson-jaxrs-base-2.10.0.jar:/Users/grant/Repos/dexkafka/bin/../libs/jackson-jaxrs-json-provider-2.10.0.jar:/Users/grant/Repos/dexkafka/bin/../libs/jackson-module-jaxb-annotations-2.10.0.jar:/Users/grant/Repos/dexkafka/bin/../libs/jackson-module-paranamer-2.10.0.jar:/Users/grant/Repos/dexkafka/bin/../libs/jackson-module-scala_2.12-2.10.0.jar:/Users/grant/Repos/dexkafka/bin/../libs/jakarta.activation-api-1.2.1.jar:/Users/grant/Repos/dexkafka/bin/../libs/jakarta.annotation-api-1.3.4.jar:/Users/grant/Repos/dexkafka/bin/../libs/jakarta.inject-2.5.0.jar:/Users/grant/Repos/dexkafka/bin/../libs/jakarta.ws.rs-api-2.1.5.jar:/Users/grant/Repos/dexkafka/bin/../libs/jakarta.xml.bind-api-2.3.2.jar:/Users/grant/Repos/dexkafka/bin/../libs/javassist-3.22.0-CR2.jar:/Users/grant/Repos/dexkafka/bin/../libs/javax.servlet-api-3.1.0.jar:/Users/grant/Repos/dexkafka/bin/../libs/javax.ws.rs-api-2.1.1.jar:/Users/grant/Repos/dexkafka/bin/../libs/jaxb-api-2.3.0.jar:/Users/grant/Repos/dexkafka/bin/../libs/jersey-client-2.28.jar:/Users/grant/Repos/dexkafka/bin/../libs/jersey-common-2.28.jar:/Users/grant/Repos/dexkafka/bin/../libs/jersey-container-servlet-2.28.jar:/Users/grant/Repos/dexkafka/bin/../libs/jersey-container-servlet-core-2.28.jar:/Users/grant/Repos/dexkafka/bin/../libs/jersey-hk2-2.28.jar:/Users/grant/Repos/dexkafka/bin/../libs/jersey-media-jaxb-2.28.jar:/Users/grant/Repos/dexkafka/bin/../libs/jersey-server-2.28.jar:/Users/grant/Repos/dexkafka/bin/../libs/jetty-client-9.4.20.v20190813.jar:/Users/grant/Repos/dexkafka/bin/../libs/jetty-continuation-9.4.20.v20190813.jar:/Users/grant/Repos/dexkafka/bin/../libs/jetty-http-9.4.20.v20190813.jar:/Users/grant/Repos/dexkafka/bin/../libs/jetty-io-9.4.20.v20190813.jar:/Users/grant/Repos/dexkafka/bin/../libs/jetty-security-9.4.20.v20190813.jar:/Users/grant/Repos/dexkafka/bin/../libs/jetty-server-9.4.20.v20190813.jar:/Users/grant/Repos/dexkafka/bin/../libs/jetty-servlet-9.4.20.v20190813.jar:/Users/grant/Repos/dexkafka/bin/../libs/jetty-servlets-9.4.20.v20190813.jar:/Users/grant/Repos/dexkafka/bin/../libs/jetty-util-9.4.20.v20190813.jar:/Users/grant/Repos/dexkafka/bin/../libs/jopt-simple-5.0.4.jar:/Users/grant/Repos/dexkafka/bin/../libs/kafka-clients-2.4.0.jar:/Users/grant/Repos/dexkafka/bin/../libs/kafka-log4j-appender-2.4.0.jar:/Users/grant/Repos/dexkafka/bin/../libs/kafka-streams-2.4.0.jar:/Users/grant/Repos/dexkafka/bin/../libs/kafka-streams-examples-2.4.0.jar:/Users/grant/Repos/dexkafka/bin/../libs/kafka-streams-scala_2.12-2.4.0.jar:/Users/grant/Repos/dexkafka/bin/../libs/kafka-streams-test-utils-2.4.0.jar:/Users/grant/Repos/dexkafka/bin/../libs/kafka-tools-2.4.0.jar:/Users/grant/Repos/dexkafka/bin/../libs/kafka_2.12-2.4.0-sources.jar:/Users/grant/Repos/dexkafka/bin/../libs/kafka_2.12-2.4.0.jar:/Users/grant/Repos/dexkafka/bin/../libs/log4j-1.2.17.jar:/Users/grant/Repos/dexkafka/bin/../libs/lz4-java-1.6.0.jar:/Users/grant/Repos/dexkafka/bin/../libs/maven-artifact-3.6.1.jar:/Users/grant/Repos/dexkafka/bin/../libs/metrics-core-2.2.0.jar:/Users/grant/Repos/dexkafka/bin/../libs/netty-buffer-4.1.42.Final.jar:/Users/grant/Repos/dexkafka/bin/../libs/netty-codec-4.1.42.Final.jar:/Users/grant/Repos/dexkafka/bin/../libs/netty-common-4.1.42.Final.jar:/Users/grant/Repos/dexkafka/bin/../libs/netty-handler-4.1.42.Final.jar:/Users/grant/Repos/dexkafka/bin/../libs/netty-resolver-4.1.42.Final.jar:/Users/grant/Repos/dexkafka/bin/../libs/netty-transport-4.1.42.Final.jar:/Users/grant/Repos/dexkafka/bin/../libs/netty-transport-native-epoll-4.1.42.Final.jar:/Users/grant/Repos/dexkafka/bin/../libs/netty-transport-native-unix-common-4.1.42.Final.jar:/Users/grant/Repos/dexkafka/bin/../libs/osgi-resource-locator-1.0.1.jar:/Users/grant/Repos/dexkafka/bin/../libs/paranamer-2.8.jar:/Users/grant/Repos/dexkafka/bin/../libs/plexus-utils-3.2.0.jar:/Users/grant/Repos/dexkafka/bin/../libs/reflections-0.9.11.jar:/Users/grant/Repos/dexkafka/bin/../libs/rocksdbjni-5.18.3.jar:/Users/grant/Repos/dexkafka/bin/../libs/scala-collection-compat_2.12-2.1.2.jar:/Users/grant/Repos/dexkafka/bin/../libs/scala-java8-compat_2.12-0.9.0.jar:/Users/grant/Repos/dexkafka/bin/../libs/scala-library-2.12.10.jar:/Users/grant/Repos/dexkafka/bin/../libs/scala-logging_2.12-3.9.2.jar:/Users/grant/Repos/dexkafka/bin/../libs/scala-reflect-2.12.10.jar:/Users/grant/Repos/dexkafka/bin/../libs/slf4j-api-1.7.28.jar:/Users/grant/Repos/dexkafka/bin/../libs/slf4j-log4j12-1.7.28.jar:/Users/grant/Repos/dexkafka/bin/../libs/snappy-java-1.1.7.3.jar:/Users/grant/Repos/dexkafka/bin/../libs/validation-api-2.0.1.Final.jar:/Users/grant/Repos/dexkafka/bin/../libs/zookeeper-3.5.6.jar:/Users/grant/Repos/dexkafka/bin/../libs/zookeeper-jute-3.5.6.jar:/Users/grant/Repos/dexkafka/bin/../libs/zstd-jni-1.4.3-1.jar (org.apache.zookeeper.ZooKeeper)
[2020-02-01 13:25:19,919] INFO Client environment:java.library.path=/Users/grant/Library/Java/Extensions:/Library/Java/Extensions:/Network/Library/Java/Extensions:/System/Library/Java/Extensions:/usr/lib/java:. (org.apache.zookeeper.ZooKeeper)
[2020-02-01 13:25:19,919] INFO Client environment:java.io.tmpdir=/var/folders/dg/nxml8w2n3s55qrxm9ms4wzg00000gt/T/ (org.apache.zookeeper.ZooKeeper)
[2020-02-01 13:25:19,919] INFO Client environment:java.compiler=<NA> (org.apache.zookeeper.ZooKeeper)
[2020-02-01 13:25:19,919] INFO Client environment:os.name=Mac OS X (org.apache.zookeeper.ZooKeeper)
[2020-02-01 13:25:19,919] INFO Client environment:os.arch=x86_64 (org.apache.zookeeper.ZooKeeper)
[2020-02-01 13:25:19,920] INFO Client environment:os.version=10.14.6 (org.apache.zookeeper.ZooKeeper)
[2020-02-01 13:25:19,920] INFO Client environment:user.name=grant (org.apache.zookeeper.ZooKeeper)
[2020-02-01 13:25:19,920] INFO Client environment:user.home=/Users/grant (org.apache.zookeeper.ZooKeeper)
[2020-02-01 13:25:19,920] INFO Client environment:user.dir=/Users/grant/Repos/dexkafka (org.apache.zookeeper.ZooKeeper)
[2020-02-01 13:25:19,920] INFO Client environment:os.memory.free=978MB (org.apache.zookeeper.ZooKeeper)
[2020-02-01 13:25:19,920] INFO Client environment:os.memory.max=1024MB (org.apache.zookeeper.ZooKeeper)
[2020-02-01 13:25:19,920] INFO Client environment:os.memory.total=1024MB (org.apache.zookeeper.ZooKeeper)
[2020-02-01 13:25:19,923] INFO Initiating client connection, connectString=localhost:2181 sessionTimeout=6000 watcher=kafka.zookeeper.ZooKeeperClient$ZooKeeperClientWatcher$@28eaa59a (org.apache.zookeeper.ZooKeeper)
[2020-02-01 13:25:19,928] INFO Setting -D jdk.tls.rejectClientInitiatedRenegotiation=true to disable client-initiated TLS renegotiation (org.apache.zookeeper.common.X509Util)
[2020-02-01 13:25:19,934] INFO jute.maxbuffer value is 4194304 Bytes (org.apache.zookeeper.ClientCnxnSocket)
[2020-02-01 13:25:19,939] INFO zookeeper.request.timeout value is 0. feature enabled= (org.apache.zookeeper.ClientCnxn)
[2020-02-01 13:25:19,941] INFO [ZooKeeperClient Kafka server] Waiting until connected. (kafka.zookeeper.ZooKeeperClient)
[2020-02-01 13:25:19,944] INFO Opening socket connection to server localhost/0:0:0:0:0:0:0:1:2181. Will not attempt to authenticate using SASL (unknown error) (org.apache.zookeeper.ClientCnxn)
[2020-02-01 13:25:19,958] INFO Socket connection established, initiating session, client: /0:0:0:0:0:0:0:1:51010, server: localhost/0:0:0:0:0:0:0:1:2181 (org.apache.zookeeper.ClientCnxn)
[2020-02-01 13:25:19,962] INFO Session establishment complete on server localhost/0:0:0:0:0:0:0:1:2181, sessionid = 0x100003e87be0001, negotiated timeout = 6000 (org.apache.zookeeper.ClientCnxn)
[2020-02-01 13:25:19,965] INFO [ZooKeeperClient Kafka server] Connected. (kafka.zookeeper.ZooKeeperClient)
[2020-02-01 13:25:20,123] INFO Cluster ID = rkNVNKq0R1alMK6UKnm-zg (kafka.server.KafkaServer)
[2020-02-01 13:25:20,187] INFO KafkaConfig values: 
	advertised.host.name = null
	advertised.listeners = null
	advertised.port = null
	alter.config.policy.class.name = null
	alter.log.dirs.replication.quota.window.num = 11
	alter.log.dirs.replication.quota.window.size.seconds = 1
	authorizer.class.name = 
	auto.create.topics.enable = true
	auto.leader.rebalance.enable = true
	background.threads = 10
	broker.id = 0
	broker.id.generation.enable = true
	broker.rack = null
	client.quota.callback.class = null
	compression.type = producer
	connection.failed.authentication.delay.ms = 100
	connections.max.idle.ms = 600000
	connections.max.reauth.ms = 0
	control.plane.listener.name = null
	controlled.shutdown.enable = true
	controlled.shutdown.max.retries = 3
	controlled.shutdown.retry.backoff.ms = 5000
	controller.socket.timeout.ms = 30000
	create.topic.policy.class.name = null
	default.replication.factor = 1
	delegation.token.expiry.check.interval.ms = 3600000
	delegation.token.expiry.time.ms = 86400000
	delegation.token.master.key = null
	delegation.token.max.lifetime.ms = 604800000
	delete.records.purgatory.purge.interval.requests = 1
	delete.topic.enable = true
	fetch.purgatory.purge.interval.requests = 1000
	group.initial.rebalance.delay.ms = 0
	group.max.session.timeout.ms = 1800000
	group.max.size = 2147483647
	group.min.session.timeout.ms = 6000
	host.name = 
	inter.broker.listener.name = null
	inter.broker.protocol.version = 2.4-IV1
	kafka.metrics.polling.interval.secs = 10
	kafka.metrics.reporters = []
	leader.imbalance.check.interval.seconds = 300
	leader.imbalance.per.broker.percentage = 10
	listener.security.protocol.map = PLAINTEXT:PLAINTEXT,SSL:SSL,SASL_PLAINTEXT:SASL_PLAINTEXT,SASL_SSL:SASL_SSL
	listeners = null
	log.cleaner.backoff.ms = 15000
	log.cleaner.dedupe.buffer.size = 134217728
	log.cleaner.delete.retention.ms = 86400000
	log.cleaner.enable = true
	log.cleaner.io.buffer.load.factor = 0.9
	log.cleaner.io.buffer.size = 524288
	log.cleaner.io.max.bytes.per.second = 1.7976931348623157E308
	log.cleaner.max.compaction.lag.ms = 9223372036854775807
	log.cleaner.min.cleanable.ratio = 0.5
	log.cleaner.min.compaction.lag.ms = 0
	log.cleaner.threads = 1
	log.cleanup.policy = [delete]
	log.dir = /tmp/kafka-logs
	log.dirs = /tmp/kafka-logs
	log.flush.interval.messages = 9223372036854775807
	log.flush.interval.ms = null
	log.flush.offset.checkpoint.interval.ms = 60000
	log.flush.scheduler.interval.ms = 9223372036854775807
	log.flush.start.offset.checkpoint.interval.ms = 60000
	log.index.interval.bytes = 4096
	log.index.size.max.bytes = 10485760
	log.message.downconversion.enable = true
	log.message.format.version = 2.4-IV1
	log.message.timestamp.difference.max.ms = 9223372036854775807
	log.message.timestamp.type = CreateTime
	log.preallocate = false
	log.retention.bytes = -1
	log.retention.check.interval.ms = 300000
	log.retention.hours = 168
	log.retention.minutes = null
	log.retention.ms = null
	log.roll.hours = 168
	log.roll.jitter.hours = 0
	log.roll.jitter.ms = null
	log.roll.ms = null
	log.segment.bytes = 1073741824
	log.segment.delete.delay.ms = 60000
	max.connections = 2147483647
	max.connections.per.ip = 2147483647
	max.connections.per.ip.overrides = 
	max.incremental.fetch.session.cache.slots = 1000
	message.max.bytes = 1000012
	metric.reporters = []
	metrics.num.samples = 2
	metrics.recording.level = INFO
	metrics.sample.window.ms = 30000
	min.insync.replicas = 1
	num.io.threads = 8
	num.network.threads = 3
	num.partitions = 1
	num.recovery.threads.per.data.dir = 1
	num.replica.alter.log.dirs.threads = null
	num.replica.fetchers = 1
	offset.metadata.max.bytes = 4096
	offsets.commit.required.acks = -1
	offsets.commit.timeout.ms = 5000
	offsets.load.buffer.size = 5242880
	offsets.retention.check.interval.ms = 600000
	offsets.retention.minutes = 10080
	offsets.topic.compression.codec = 0
	offsets.topic.num.partitions = 50
	offsets.topic.replication.factor = 1
	offsets.topic.segment.bytes = 104857600
	password.encoder.cipher.algorithm = AES/CBC/PKCS5Padding
	password.encoder.iterations = 4096
	password.encoder.key.length = 128
	password.encoder.keyfactory.algorithm = null
	password.encoder.old.secret = null
	password.encoder.secret = null
	port = 9092
	principal.builder.class = null
	producer.purgatory.purge.interval.requests = 1000
	queued.max.request.bytes = -1
	queued.max.requests = 500
	quota.consumer.default = 9223372036854775807
	quota.producer.default = 9223372036854775807
	quota.window.num = 11
	quota.window.size.seconds = 1
	replica.fetch.backoff.ms = 1000
	replica.fetch.max.bytes = 1048576
	replica.fetch.min.bytes = 1
	replica.fetch.response.max.bytes = 10485760
	replica.fetch.wait.max.ms = 500
	replica.high.watermark.checkpoint.interval.ms = 5000
	replica.lag.time.max.ms = 10000
	replica.selector.class = null
	replica.socket.receive.buffer.bytes = 65536
	replica.socket.timeout.ms = 30000
	replication.quota.window.num = 11
	replication.quota.window.size.seconds = 1
	request.timeout.ms = 30000
	reserved.broker.max.id = 1000
	sasl.client.callback.handler.class = null
	sasl.enabled.mechanisms = [GSSAPI]
	sasl.jaas.config = null
	sasl.kerberos.kinit.cmd = /usr/bin/kinit
	sasl.kerberos.min.time.before.relogin = 60000
	sasl.kerberos.principal.to.local.rules = [DEFAULT]
	sasl.kerberos.service.name = null
	sasl.kerberos.ticket.renew.jitter = 0.05
	sasl.kerberos.ticket.renew.window.factor = 0.8
	sasl.login.callback.handler.class = null
	sasl.login.class = null
	sasl.login.refresh.buffer.seconds = 300
	sasl.login.refresh.min.period.seconds = 60
	sasl.login.refresh.window.factor = 0.8
	sasl.login.refresh.window.jitter = 0.05
	sasl.mechanism.inter.broker.protocol = GSSAPI
	sasl.server.callback.handler.class = null
	security.inter.broker.protocol = PLAINTEXT
	security.providers = null
	socket.receive.buffer.bytes = 102400
	socket.request.max.bytes = 104857600
	socket.send.buffer.bytes = 102400
	ssl.cipher.suites = []
	ssl.client.auth = none
	ssl.enabled.protocols = [TLSv1.2, TLSv1.1, TLSv1]
	ssl.endpoint.identification.algorithm = https
	ssl.key.password = null
	ssl.keymanager.algorithm = SunX509
	ssl.keystore.location = null
	ssl.keystore.password = null
	ssl.keystore.type = JKS
	ssl.principal.mapping.rules = DEFAULT
	ssl.protocol = TLS
	ssl.provider = null
	ssl.secure.random.implementation = null
	ssl.trustmanager.algorithm = PKIX
	ssl.truststore.location = null
	ssl.truststore.password = null
	ssl.truststore.type = JKS
	transaction.abort.timed.out.transaction.cleanup.interval.ms = 60000
	transaction.max.timeout.ms = 900000
	transaction.remove.expired.transaction.cleanup.interval.ms = 3600000
	transaction.state.log.load.buffer.size = 5242880
	transaction.state.log.min.isr = 1
	transaction.state.log.num.partitions = 50
	transaction.state.log.replication.factor = 1
	transaction.state.log.segment.bytes = 104857600
	transactional.id.expiration.ms = 604800000
	unclean.leader.election.enable = false
	zookeeper.connect = localhost:2181
	zookeeper.connection.timeout.ms = 6000
	zookeeper.max.in.flight.requests = 10
	zookeeper.session.timeout.ms = 6000
	zookeeper.set.acl = false
	zookeeper.sync.time.ms = 2000
 (kafka.server.KafkaConfig)
[2020-02-01 13:25:20,195] INFO KafkaConfig values: 
	advertised.host.name = null
	advertised.listeners = null
	advertised.port = null
	alter.config.policy.class.name = null
	alter.log.dirs.replication.quota.window.num = 11
	alter.log.dirs.replication.quota.window.size.seconds = 1
	authorizer.class.name = 
	auto.create.topics.enable = true
	auto.leader.rebalance.enable = true
	background.threads = 10
	broker.id = 0
	broker.id.generation.enable = true
	broker.rack = null
	client.quota.callback.class = null
	compression.type = producer
	connection.failed.authentication.delay.ms = 100
	connections.max.idle.ms = 600000
	connections.max.reauth.ms = 0
	control.plane.listener.name = null
	controlled.shutdown.enable = true
	controlled.shutdown.max.retries = 3
	controlled.shutdown.retry.backoff.ms = 5000
	controller.socket.timeout.ms = 30000
	create.topic.policy.class.name = null
	default.replication.factor = 1
	delegation.token.expiry.check.interval.ms = 3600000
	delegation.token.expiry.time.ms = 86400000
	delegation.token.master.key = null
	delegation.token.max.lifetime.ms = 604800000
	delete.records.purgatory.purge.interval.requests = 1
	delete.topic.enable = true
	fetch.purgatory.purge.interval.requests = 1000
	group.initial.rebalance.delay.ms = 0
	group.max.session.timeout.ms = 1800000
	group.max.size = 2147483647
	group.min.session.timeout.ms = 6000
	host.name = 
	inter.broker.listener.name = null
	inter.broker.protocol.version = 2.4-IV1
	kafka.metrics.polling.interval.secs = 10
	kafka.metrics.reporters = []
	leader.imbalance.check.interval.seconds = 300
	leader.imbalance.per.broker.percentage = 10
	listener.security.protocol.map = PLAINTEXT:PLAINTEXT,SSL:SSL,SASL_PLAINTEXT:SASL_PLAINTEXT,SASL_SSL:SASL_SSL
	listeners = null
	log.cleaner.backoff.ms = 15000
	log.cleaner.dedupe.buffer.size = 134217728
	log.cleaner.delete.retention.ms = 86400000
	log.cleaner.enable = true
	log.cleaner.io.buffer.load.factor = 0.9
	log.cleaner.io.buffer.size = 524288
	log.cleaner.io.max.bytes.per.second = 1.7976931348623157E308
	log.cleaner.max.compaction.lag.ms = 9223372036854775807
	log.cleaner.min.cleanable.ratio = 0.5
	log.cleaner.min.compaction.lag.ms = 0
	log.cleaner.threads = 1
	log.cleanup.policy = [delete]
	log.dir = /tmp/kafka-logs
	log.dirs = /tmp/kafka-logs
	log.flush.interval.messages = 9223372036854775807
	log.flush.interval.ms = null
	log.flush.offset.checkpoint.interval.ms = 60000
	log.flush.scheduler.interval.ms = 9223372036854775807
	log.flush.start.offset.checkpoint.interval.ms = 60000
	log.index.interval.bytes = 4096
	log.index.size.max.bytes = 10485760
	log.message.downconversion.enable = true
	log.message.format.version = 2.4-IV1
	log.message.timestamp.difference.max.ms = 9223372036854775807
	log.message.timestamp.type = CreateTime
	log.preallocate = false
	log.retention.bytes = -1
	log.retention.check.interval.ms = 300000
	log.retention.hours = 168
	log.retention.minutes = null
	log.retention.ms = null
	log.roll.hours = 168
	log.roll.jitter.hours = 0
	log.roll.jitter.ms = null
	log.roll.ms = null
	log.segment.bytes = 1073741824
	log.segment.delete.delay.ms = 60000
	max.connections = 2147483647
	max.connections.per.ip = 2147483647
	max.connections.per.ip.overrides = 
	max.incremental.fetch.session.cache.slots = 1000
	message.max.bytes = 1000012
	metric.reporters = []
	metrics.num.samples = 2
	metrics.recording.level = INFO
	metrics.sample.window.ms = 30000
	min.insync.replicas = 1
	num.io.threads = 8
	num.network.threads = 3
	num.partitions = 1
	num.recovery.threads.per.data.dir = 1
	num.replica.alter.log.dirs.threads = null
	num.replica.fetchers = 1
	offset.metadata.max.bytes = 4096
	offsets.commit.required.acks = -1
	offsets.commit.timeout.ms = 5000
	offsets.load.buffer.size = 5242880
	offsets.retention.check.interval.ms = 600000
	offsets.retention.minutes = 10080
	offsets.topic.compression.codec = 0
	offsets.topic.num.partitions = 50
	offsets.topic.replication.factor = 1
	offsets.topic.segment.bytes = 104857600
	password.encoder.cipher.algorithm = AES/CBC/PKCS5Padding
	password.encoder.iterations = 4096
	password.encoder.key.length = 128
	password.encoder.keyfactory.algorithm = null
	password.encoder.old.secret = null
	password.encoder.secret = null
	port = 9092
	principal.builder.class = null
	producer.purgatory.purge.interval.requests = 1000
	queued.max.request.bytes = -1
	queued.max.requests = 500
	quota.consumer.default = 9223372036854775807
	quota.producer.default = 9223372036854775807
	quota.window.num = 11
	quota.window.size.seconds = 1
	replica.fetch.backoff.ms = 1000
	replica.fetch.max.bytes = 1048576
	replica.fetch.min.bytes = 1
	replica.fetch.response.max.bytes = 10485760
	replica.fetch.wait.max.ms = 500
	replica.high.watermark.checkpoint.interval.ms = 5000
	replica.lag.time.max.ms = 10000
	replica.selector.class = null
	replica.socket.receive.buffer.bytes = 65536
	replica.socket.timeout.ms = 30000
	replication.quota.window.num = 11
	replication.quota.window.size.seconds = 1
	request.timeout.ms = 30000
	reserved.broker.max.id = 1000
	sasl.client.callback.handler.class = null
	sasl.enabled.mechanisms = [GSSAPI]
	sasl.jaas.config = null
	sasl.kerberos.kinit.cmd = /usr/bin/kinit
	sasl.kerberos.min.time.before.relogin = 60000
	sasl.kerberos.principal.to.local.rules = [DEFAULT]
	sasl.kerberos.service.name = null
	sasl.kerberos.ticket.renew.jitter = 0.05
	sasl.kerberos.ticket.renew.window.factor = 0.8
	sasl.login.callback.handler.class = null
	sasl.login.class = null
	sasl.login.refresh.buffer.seconds = 300
	sasl.login.refresh.min.period.seconds = 60
	sasl.login.refresh.window.factor = 0.8
	sasl.login.refresh.window.jitter = 0.05
	sasl.mechanism.inter.broker.protocol = GSSAPI
	sasl.server.callback.handler.class = null
	security.inter.broker.protocol = PLAINTEXT
	security.providers = null
	socket.receive.buffer.bytes = 102400
	socket.request.max.bytes = 104857600
	socket.send.buffer.bytes = 102400
	ssl.cipher.suites = []
	ssl.client.auth = none
	ssl.enabled.protocols = [TLSv1.2, TLSv1.1, TLSv1]
	ssl.endpoint.identification.algorithm = https
	ssl.key.password = null
	ssl.keymanager.algorithm = SunX509
	ssl.keystore.location = null
	ssl.keystore.password = null
	ssl.keystore.type = JKS
	ssl.principal.mapping.rules = DEFAULT
	ssl.protocol = TLS
	ssl.provider = null
	ssl.secure.random.implementation = null
	ssl.trustmanager.algorithm = PKIX
	ssl.truststore.location = null
	ssl.truststore.password = null
	ssl.truststore.type = JKS
	transaction.abort.timed.out.transaction.cleanup.interval.ms = 60000
	transaction.max.timeout.ms = 900000
	transaction.remove.expired.transaction.cleanup.interval.ms = 3600000
	transaction.state.log.load.buffer.size = 5242880
	transaction.state.log.min.isr = 1
	transaction.state.log.num.partitions = 50
	transaction.state.log.replication.factor = 1
	transaction.state.log.segment.bytes = 104857600
	transactional.id.expiration.ms = 604800000
	unclean.leader.election.enable = false
	zookeeper.connect = localhost:2181
	zookeeper.connection.timeout.ms = 6000
	zookeeper.max.in.flight.requests = 10
	zookeeper.session.timeout.ms = 6000
	zookeeper.set.acl = false
	zookeeper.sync.time.ms = 2000
 (kafka.server.KafkaConfig)
[2020-02-01 13:25:20,213] INFO [ThrottledChannelReaper-Fetch]: Starting (kafka.server.ClientQuotaManager$ThrottledChannelReaper)
[2020-02-01 13:25:20,213] INFO [ThrottledChannelReaper-Produce]: Starting (kafka.server.ClientQuotaManager$ThrottledChannelReaper)
[2020-02-01 13:25:20,214] INFO [ThrottledChannelReaper-Request]: Starting (kafka.server.ClientQuotaManager$ThrottledChannelReaper)
[2020-02-01 13:25:20,240] ERROR [KafkaServer id=0] Fatal error during KafkaServer startup. Prepare to shutdown (kafka.server.KafkaServer)
org.apache.kafka.common.KafkaException: Failed to acquire lock on file .lock in /tmp/kafka-logs. A Kafka instance in another process or thread is using this directory.
	at kafka.log.LogManager.$anonfun$lockLogDirs$1(LogManager.scala:249)
	at scala.collection.TraversableLike.$anonfun$flatMap$1(TraversableLike.scala:245)
	at scala.collection.mutable.ResizableArray.foreach(ResizableArray.scala:62)
	at scala.collection.mutable.ResizableArray.foreach$(ResizableArray.scala:55)
	at scala.collection.mutable.ArrayBuffer.foreach(ArrayBuffer.scala:49)
	at scala.collection.TraversableLike.flatMap(TraversableLike.scala:245)
	at scala.collection.TraversableLike.flatMap$(TraversableLike.scala:242)
	at scala.collection.AbstractTraversable.flatMap(Traversable.scala:108)
	at kafka.log.LogManager.lockLogDirs(LogManager.scala:244)
	at kafka.log.LogManager.<init>(LogManager.scala:105)
	at kafka.log.LogManager$.apply(LogManager.scala:1093)
	at kafka.server.KafkaServer.startup(KafkaServer.scala:250)
	at kafka.server.KafkaServerStartable.startup(KafkaServerStartable.scala:44)
	at kafka.Kafka$.main(Kafka.scala:84)
	at kafka.Kafka.main(Kafka.scala)
[2020-02-01 13:25:20,242] INFO [KafkaServer id=0] shutting down (kafka.server.KafkaServer)
[2020-02-01 13:25:20,244] INFO [ZooKeeperClient Kafka server] Closing. (kafka.zookeeper.ZooKeeperClient)
[2020-02-01 13:25:20,354] INFO Session: 0x100003e87be0001 closed (org.apache.zookeeper.ZooKeeper)
[2020-02-01 13:25:20,354] INFO EventThread shut down for session: 0x100003e87be0001 (org.apache.zookeeper.ClientCnxn)
[2020-02-01 13:25:20,356] INFO [ZooKeeperClient Kafka server] Closed. (kafka.zookeeper.ZooKeeperClient)
[2020-02-01 13:25:20,357] INFO [ThrottledChannelReaper-Fetch]: Shutting down (kafka.server.ClientQuotaManager$ThrottledChannelReaper)
[2020-02-01 13:25:21,219] INFO [ThrottledChannelReaper-Fetch]: Shutdown completed (kafka.server.ClientQuotaManager$ThrottledChannelReaper)
[2020-02-01 13:25:21,219] INFO [ThrottledChannelReaper-Produce]: Shutting down (kafka.server.ClientQuotaManager$ThrottledChannelReaper)
[2020-02-01 13:25:21,219] INFO [ThrottledChannelReaper-Fetch]: Stopped (kafka.server.ClientQuotaManager$ThrottledChannelReaper)
[2020-02-01 13:25:22,223] INFO [ThrottledChannelReaper-Produce]: Stopped (kafka.server.ClientQuotaManager$ThrottledChannelReaper)
[2020-02-01 13:25:22,223] INFO [ThrottledChannelReaper-Produce]: Shutdown completed (kafka.server.ClientQuotaManager$ThrottledChannelReaper)
[2020-02-01 13:25:22,224] INFO [ThrottledChannelReaper-Request]: Shutting down (kafka.server.ClientQuotaManager$ThrottledChannelReaper)
[2020-02-01 13:25:23,228] INFO [ThrottledChannelReaper-Request]: Stopped (kafka.server.ClientQuotaManager$ThrottledChannelReaper)
[2020-02-01 13:25:23,228] INFO [ThrottledChannelReaper-Request]: Shutdown completed (kafka.server.ClientQuotaManager$ThrottledChannelReaper)
[2020-02-01 13:25:23,238] INFO [KafkaServer id=0] shut down completed (kafka.server.KafkaServer)
[2020-02-01 13:25:23,238] ERROR Exiting Kafka. (kafka.server.KafkaServerStartable)
[2020-02-01 13:25:23,240] INFO [KafkaServer id=0] shutting down (kafka.server.KafkaServer)
