[2020-02-01 13:25:13,936] INFO Reading configuration from: config/zookeeper.properties (org.apache.zookeeper.server.quorum.QuorumPeerConfig)
[2020-02-01 13:25:13,938] WARN config/zookeeper.properties is relative. Prepend ./ to indicate that you're sure! (org.apache.zookeeper.server.quorum.QuorumPeerConfig)
[2020-02-01 13:25:13,939] INFO clientPortAddress is 0.0.0.0/0.0.0.0:2181 (org.apache.zookeeper.server.quorum.QuorumPeerConfig)
[2020-02-01 13:25:13,940] INFO secureClientPort is not set (org.apache.zookeeper.server.quorum.QuorumPeerConfig)
[2020-02-01 13:25:13,941] INFO autopurge.snapRetainCount set to 3 (org.apache.zookeeper.server.DatadirCleanupManager)
[2020-02-01 13:25:13,941] INFO autopurge.purgeInterval set to 0 (org.apache.zookeeper.server.DatadirCleanupManager)
[2020-02-01 13:25:13,941] INFO Purge task is not scheduled. (org.apache.zookeeper.server.DatadirCleanupManager)
[2020-02-01 13:25:13,941] WARN Either no config or no quorum defined in config, running  in standalone mode (org.apache.zookeeper.server.quorum.QuorumPeerMain)
[2020-02-01 13:25:13,942] INFO Log4j found with jmx enabled. (org.apache.zookeeper.jmx.ManagedUtil)
[2020-02-01 13:25:13,953] INFO Reading configuration from: config/zookeeper.properties (org.apache.zookeeper.server.quorum.QuorumPeerConfig)
[2020-02-01 13:25:13,953] WARN config/zookeeper.properties is relative. Prepend ./ to indicate that you're sure! (org.apache.zookeeper.server.quorum.QuorumPeerConfig)
[2020-02-01 13:25:13,953] INFO clientPortAddress is 0.0.0.0/0.0.0.0:2181 (org.apache.zookeeper.server.quorum.QuorumPeerConfig)
[2020-02-01 13:25:13,953] INFO secureClientPort is not set (org.apache.zookeeper.server.quorum.QuorumPeerConfig)
[2020-02-01 13:25:13,953] INFO Starting server (org.apache.zookeeper.server.ZooKeeperServerMain)
[2020-02-01 13:25:13,955] INFO zookeeper.snapshot.trust.empty : false (org.apache.zookeeper.server.persistence.FileTxnSnapLog)
[2020-02-01 13:25:18,985] INFO Server environment:zookeeper.version=3.5.6-c11b7e26bc554b8523dc929761dd28808913f091, built on 10/08/2019 20:18 GMT (org.apache.zookeeper.server.ZooKeeperServer)
[2020-02-01 13:25:18,985] INFO Server environment:host.name=192.168.0.8 (org.apache.zookeeper.server.ZooKeeperServer)
[2020-02-01 13:25:18,985] INFO Server environment:java.version=1.8.0_222 (org.apache.zookeeper.server.ZooKeeperServer)
[2020-02-01 13:25:18,985] INFO Server environment:java.vendor=AdoptOpenJDK (org.apache.zookeeper.server.ZooKeeperServer)
[2020-02-01 13:25:18,985] INFO Server environment:java.home=/Library/Java/JavaVirtualMachines/adoptopenjdk-8.jdk/Contents/Home/jre (org.apache.zookeeper.server.ZooKeeperServer)
[2020-02-01 13:25:18,985] INFO Server environment:java.class.path=/Users/grant/Repos/dexkafka/bin/../libs/activation-1.1.1.jar:/Users/grant/Repos/dexkafka/bin/../libs/aopalliance-repackaged-2.5.0.jar:/Users/grant/Repos/dexkafka/bin/../libs/argparse4j-0.7.0.jar:/Users/grant/Repos/dexkafka/bin/../libs/audience-annotations-0.5.0.jar:/Users/grant/Repos/dexkafka/bin/../libs/commons-cli-1.4.jar:/Users/grant/Repos/dexkafka/bin/../libs/commons-lang3-3.8.1.jar:/Users/grant/Repos/dexkafka/bin/../libs/connect-api-2.4.0.jar:/Users/grant/Repos/dexkafka/bin/../libs/connect-basic-auth-extension-2.4.0.jar:/Users/grant/Repos/dexkafka/bin/../libs/connect-file-2.4.0.jar:/Users/grant/Repos/dexkafka/bin/../libs/connect-json-2.4.0.jar:/Users/grant/Repos/dexkafka/bin/../libs/connect-mirror-2.4.0.jar:/Users/grant/Repos/dexkafka/bin/../libs/connect-mirror-client-2.4.0.jar:/Users/grant/Repos/dexkafka/bin/../libs/connect-runtime-2.4.0.jar:/Users/grant/Repos/dexkafka/bin/../libs/connect-transforms-2.4.0.jar:/Users/grant/Repos/dexkafka/bin/../libs/guava-20.0.jar:/Users/grant/Repos/dexkafka/bin/../libs/hk2-api-2.5.0.jar:/Users/grant/Repos/dexkafka/bin/../libs/hk2-locator-2.5.0.jar:/Users/grant/Repos/dexkafka/bin/../libs/hk2-utils-2.5.0.jar:/Users/grant/Repos/dexkafka/bin/../libs/jackson-annotations-2.10.0.jar:/Users/grant/Repos/dexkafka/bin/../libs/jackson-core-2.10.0.jar:/Users/grant/Repos/dexkafka/bin/../libs/jackson-databind-2.10.0.jar:/Users/grant/Repos/dexkafka/bin/../libs/jackson-dataformat-csv-2.10.0.jar:/Users/grant/Repos/dexkafka/bin/../libs/jackson-datatype-jdk8-2.10.0.jar:/Users/grant/Repos/dexkafka/bin/../libs/jackson-jaxrs-base-2.10.0.jar:/Users/grant/Repos/dexkafka/bin/../libs/jackson-jaxrs-json-provider-2.10.0.jar:/Users/grant/Repos/dexkafka/bin/../libs/jackson-module-jaxb-annotations-2.10.0.jar:/Users/grant/Repos/dexkafka/bin/../libs/jackson-module-paranamer-2.10.0.jar:/Users/grant/Repos/dexkafka/bin/../libs/jackson-module-scala_2.12-2.10.0.jar:/Users/grant/Repos/dexkafka/bin/../libs/jakarta.activation-api-1.2.1.jar:/Users/grant/Repos/dexkafka/bin/../libs/jakarta.annotation-api-1.3.4.jar:/Users/grant/Repos/dexkafka/bin/../libs/jakarta.inject-2.5.0.jar:/Users/grant/Repos/dexkafka/bin/../libs/jakarta.ws.rs-api-2.1.5.jar:/Users/grant/Repos/dexkafka/bin/../libs/jakarta.xml.bind-api-2.3.2.jar:/Users/grant/Repos/dexkafka/bin/../libs/javassist-3.22.0-CR2.jar:/Users/grant/Repos/dexkafka/bin/../libs/javax.servlet-api-3.1.0.jar:/Users/grant/Repos/dexkafka/bin/../libs/javax.ws.rs-api-2.1.1.jar:/Users/grant/Repos/dexkafka/bin/../libs/jaxb-api-2.3.0.jar:/Users/grant/Repos/dexkafka/bin/../libs/jersey-client-2.28.jar:/Users/grant/Repos/dexkafka/bin/../libs/jersey-common-2.28.jar:/Users/grant/Repos/dexkafka/bin/../libs/jersey-container-servlet-2.28.jar:/Users/grant/Repos/dexkafka/bin/../libs/jersey-container-servlet-core-2.28.jar:/Users/grant/Repos/dexkafka/bin/../libs/jersey-hk2-2.28.jar:/Users/grant/Repos/dexkafka/bin/../libs/jersey-media-jaxb-2.28.jar:/Users/grant/Repos/dexkafka/bin/../libs/jersey-server-2.28.jar:/Users/grant/Repos/dexkafka/bin/../libs/jetty-client-9.4.20.v20190813.jar:/Users/grant/Repos/dexkafka/bin/../libs/jetty-continuation-9.4.20.v20190813.jar:/Users/grant/Repos/dexkafka/bin/../libs/jetty-http-9.4.20.v20190813.jar:/Users/grant/Repos/dexkafka/bin/../libs/jetty-io-9.4.20.v20190813.jar:/Users/grant/Repos/dexkafka/bin/../libs/jetty-security-9.4.20.v20190813.jar:/Users/grant/Repos/dexkafka/bin/../libs/jetty-server-9.4.20.v20190813.jar:/Users/grant/Repos/dexkafka/bin/../libs/jetty-servlet-9.4.20.v20190813.jar:/Users/grant/Repos/dexkafka/bin/../libs/jetty-servlets-9.4.20.v20190813.jar:/Users/grant/Repos/dexkafka/bin/../libs/jetty-util-9.4.20.v20190813.jar:/Users/grant/Repos/dexkafka/bin/../libs/jopt-simple-5.0.4.jar:/Users/grant/Repos/dexkafka/bin/../libs/kafka-clients-2.4.0.jar:/Users/grant/Repos/dexkafka/bin/../libs/kafka-log4j-appender-2.4.0.jar:/Users/grant/Repos/dexkafka/bin/../libs/kafka-streams-2.4.0.jar:/Users/grant/Repos/dexkafka/bin/../libs/kafka-streams-examples-2.4.0.jar:/Users/grant/Repos/dexkafka/bin/../libs/kafka-streams-scala_2.12-2.4.0.jar:/Users/grant/Repos/dexkafka/bin/../libs/kafka-streams-test-utils-2.4.0.jar:/Users/grant/Repos/dexkafka/bin/../libs/kafka-tools-2.4.0.jar:/Users/grant/Repos/dexkafka/bin/../libs/kafka_2.12-2.4.0-sources.jar:/Users/grant/Repos/dexkafka/bin/../libs/kafka_2.12-2.4.0.jar:/Users/grant/Repos/dexkafka/bin/../libs/log4j-1.2.17.jar:/Users/grant/Repos/dexkafka/bin/../libs/lz4-java-1.6.0.jar:/Users/grant/Repos/dexkafka/bin/../libs/maven-artifact-3.6.1.jar:/Users/grant/Repos/dexkafka/bin/../libs/metrics-core-2.2.0.jar:/Users/grant/Repos/dexkafka/bin/../libs/netty-buffer-4.1.42.Final.jar:/Users/grant/Repos/dexkafka/bin/../libs/netty-codec-4.1.42.Final.jar:/Users/grant/Repos/dexkafka/bin/../libs/netty-common-4.1.42.Final.jar:/Users/grant/Repos/dexkafka/bin/../libs/netty-handler-4.1.42.Final.jar:/Users/grant/Repos/dexkafka/bin/../libs/netty-resolver-4.1.42.Final.jar:/Users/grant/Repos/dexkafka/bin/../libs/netty-transport-4.1.42.Final.jar:/Users/grant/Repos/dexkafka/bin/../libs/netty-transport-native-epoll-4.1.42.Final.jar:/Users/grant/Repos/dexkafka/bin/../libs/netty-transport-native-unix-common-4.1.42.Final.jar:/Users/grant/Repos/dexkafka/bin/../libs/osgi-resource-locator-1.0.1.jar:/Users/grant/Repos/dexkafka/bin/../libs/paranamer-2.8.jar:/Users/grant/Repos/dexkafka/bin/../libs/plexus-utils-3.2.0.jar:/Users/grant/Repos/dexkafka/bin/../libs/reflections-0.9.11.jar:/Users/grant/Repos/dexkafka/bin/../libs/rocksdbjni-5.18.3.jar:/Users/grant/Repos/dexkafka/bin/../libs/scala-collection-compat_2.12-2.1.2.jar:/Users/grant/Repos/dexkafka/bin/../libs/scala-java8-compat_2.12-0.9.0.jar:/Users/grant/Repos/dexkafka/bin/../libs/scala-library-2.12.10.jar:/Users/grant/Repos/dexkafka/bin/../libs/scala-logging_2.12-3.9.2.jar:/Users/grant/Repos/dexkafka/bin/../libs/scala-reflect-2.12.10.jar:/Users/grant/Repos/dexkafka/bin/../libs/slf4j-api-1.7.28.jar:/Users/grant/Repos/dexkafka/bin/../libs/slf4j-log4j12-1.7.28.jar:/Users/grant/Repos/dexkafka/bin/../libs/snappy-java-1.1.7.3.jar:/Users/grant/Repos/dexkafka/bin/../libs/validation-api-2.0.1.Final.jar:/Users/grant/Repos/dexkafka/bin/../libs/zookeeper-3.5.6.jar:/Users/grant/Repos/dexkafka/bin/../libs/zookeeper-jute-3.5.6.jar:/Users/grant/Repos/dexkafka/bin/../libs/zstd-jni-1.4.3-1.jar (org.apache.zookeeper.server.ZooKeeperServer)
[2020-02-01 13:25:18,986] INFO Server environment:java.library.path=/Users/grant/Library/Java/Extensions:/Library/Java/Extensions:/Network/Library/Java/Extensions:/System/Library/Java/Extensions:/usr/lib/java:. (org.apache.zookeeper.server.ZooKeeperServer)
[2020-02-01 13:25:18,986] INFO Server environment:java.io.tmpdir=/var/folders/dg/nxml8w2n3s55qrxm9ms4wzg00000gt/T/ (org.apache.zookeeper.server.ZooKeeperServer)
[2020-02-01 13:25:18,986] INFO Server environment:java.compiler=<NA> (org.apache.zookeeper.server.ZooKeeperServer)
[2020-02-01 13:25:18,986] INFO Server environment:os.name=Mac OS X (org.apache.zookeeper.server.ZooKeeperServer)
[2020-02-01 13:25:18,986] INFO Server environment:os.arch=x86_64 (org.apache.zookeeper.server.ZooKeeperServer)
[2020-02-01 13:25:18,987] INFO Server environment:os.version=10.14.6 (org.apache.zookeeper.server.ZooKeeperServer)
[2020-02-01 13:25:18,987] INFO Server environment:user.name=grant (org.apache.zookeeper.server.ZooKeeperServer)
[2020-02-01 13:25:18,987] INFO Server environment:user.home=/Users/grant (org.apache.zookeeper.server.ZooKeeperServer)
[2020-02-01 13:25:18,987] INFO Server environment:user.dir=/Users/grant/Repos/dexkafka (org.apache.zookeeper.server.ZooKeeperServer)
[2020-02-01 13:25:18,987] INFO Server environment:os.memory.free=498MB (org.apache.zookeeper.server.ZooKeeperServer)
[2020-02-01 13:25:18,987] INFO Server environment:os.memory.max=512MB (org.apache.zookeeper.server.ZooKeeperServer)
[2020-02-01 13:25:18,987] INFO Server environment:os.memory.total=512MB (org.apache.zookeeper.server.ZooKeeperServer)
[2020-02-01 13:25:18,989] INFO minSessionTimeout set to 6000 (org.apache.zookeeper.server.ZooKeeperServer)
[2020-02-01 13:25:18,989] INFO maxSessionTimeout set to 60000 (org.apache.zookeeper.server.ZooKeeperServer)
[2020-02-01 13:25:18,990] INFO Created server with tickTime 3000 minSessionTimeout 6000 maxSessionTimeout 60000 datadir /tmp/zookeeper/version-2 snapdir /tmp/zookeeper/version-2 (org.apache.zookeeper.server.ZooKeeperServer)
[2020-02-01 13:25:19,002] INFO Using org.apache.zookeeper.server.NIOServerCnxnFactory as server connection factory (org.apache.zookeeper.server.ServerCnxnFactory)
[2020-02-01 13:25:19,004] INFO Configuring NIO connection handler with 10s sessionless connection timeout, 2 selector thread(s), 24 worker threads, and 64 kB direct buffers. (org.apache.zookeeper.server.NIOServerCnxnFactory)
[2020-02-01 13:25:19,014] INFO binding to port 0.0.0.0/0.0.0.0:2181 (org.apache.zookeeper.server.NIOServerCnxnFactory)
[2020-02-01 13:25:19,015] ERROR Unexpected exception, exiting abnormally (org.apache.zookeeper.server.ZooKeeperServerMain)
java.net.BindException: Address already in use
	at sun.nio.ch.Net.bind0(Native Method)
	at sun.nio.ch.Net.bind(Net.java:433)
	at sun.nio.ch.Net.bind(Net.java:425)
	at sun.nio.ch.ServerSocketChannelImpl.bind(ServerSocketChannelImpl.java:223)
	at sun.nio.ch.ServerSocketAdaptor.bind(ServerSocketAdaptor.java:74)
	at sun.nio.ch.ServerSocketAdaptor.bind(ServerSocketAdaptor.java:67)
	at org.apache.zookeeper.server.NIOServerCnxnFactory.configure(NIOServerCnxnFactory.java:687)
	at org.apache.zookeeper.server.ZooKeeperServerMain.runFromConfig(ZooKeeperServerMain.java:143)
	at org.apache.zookeeper.server.ZooKeeperServerMain.initializeAndRun(ZooKeeperServerMain.java:106)
	at org.apache.zookeeper.server.ZooKeeperServerMain.main(ZooKeeperServerMain.java:64)
	at org.apache.zookeeper.server.quorum.QuorumPeerMain.initializeAndRun(QuorumPeerMain.java:128)
	at org.apache.zookeeper.server.quorum.QuorumPeerMain.main(QuorumPeerMain.java:82)
